<?xml version="1.0" encoding="UTF-8"?>
<coverage generated="1674531785670" clover="3.2.0">
  <project timestamp="1674531785670" name="All files">
    <metrics statements="2" coveredstatements="2" conditionals="0" coveredconditionals="0" methods="6" coveredmethods="3" elements="8" coveredelements="5" complexity="0" loc="2" ncloc="2" packages="1" files="1" classes="1"/>
    <file name="exercises.js" path="/home/crislp/Unit9/writing-unit-tests-lab-2-Crislp/exercises.js">
      <metrics statements="2" coveredstatements="2" conditionals="0" coveredconditionals="0" methods="6" coveredmethods="3"/>
      <line num="2" count="14" type="stmt"/>
      <line num="17" count="1" type="stmt"/>
    </file>
  </project>
</coverage>
