{"/home/crislp/Unit9/writing-unit-tests-lab-2-Crislp/exercises.js": {"path":"/home/crislp/Unit9/writing-unit-tests-lab-2-Crislp/exercises.js","statementMap":{"0":{"start":{"line":2,"column":2},"end":{"line":2,"column":86}},"1":{"start":{"line":2,"column":38},"end":{"line":2,"column":64}},"2":{"start":{"line":2,"column":81},"end":{"line":2,"column":84}},"3":{"start":{"line":17,"column":0},"end":{"line":22,"column":2}}},"fnMap":{"0":{"name":"octalToDecimal","decl":{"start":{"line":1,"column":9},"end":{"line":1,"column":23}},"loc":{"start":{"line":1,"column":29},"end":{"line":3,"column":1}},"line":1},"1":{"name":"(anonymous_1)","decl":{"start":{"line":2,"column":27},"end":{"line":2,"column":28}},"loc":{"start":{"line":2,"column":38},"end":{"line":2,"column":64}},"line":2},"2":{"name":"(anonymous_2)","decl":{"start":{"line":2,"column":73},"end":{"line":2,"column":74}},"loc":{"start":{"line":2,"column":81},"end":{"line":2,"column":84}},"line":2},"3":{"name":"anagram","decl":{"start":{"line":5,"column":9},"end":{"line":5,"column":16}},"loc":{"start":{"line":5,"column":19},"end":{"line":7,"column":1}},"line":5},"4":{"name":"triangle","decl":{"start":{"line":9,"column":9},"end":{"line":9,"column":17}},"loc":{"start":{"line":9,"column":20},"end":{"line":11,"column":1}},"line":9},"5":{"name":"fridayThe13ths","decl":{"start":{"line":13,"column":9},"end":{"line":13,"column":23}},"loc":{"start":{"line":13,"column":26},"end":{"line":15,"column":1}},"line":13}},"branchMap":{},"s":{"0":6,"1":14,"2":8,"3":1},"f":{"0":6,"1":14,"2":8,"3":0,"4":0,"5":0},"b":{},"_coverageSchema":"43e27e138ebf9cfc5966b082cf9a028302ed4184","hash":"d462aa2c1fbb7c2aa34384a943ef939d3d45784e"}
}
